Arguments: 
  /usr/bin/node /mnt/c/Program Files (x86)/Yarn/bin/yarn.js add --dev jest

PATH: 
  /home/patrick/.rbenv/shims:/home/patrick/.rbenv/bin:/home/patrick/.rbenv/shims:/home/patrick/.rbenv/bin:/usr/local/sbin:/usr/local/bin:/usr/sbin:/usr/bin:/sbin:/bin:/usr/games:/usr/local/games:/mnt/c/Program Files (x86)/VMware/VMware vSphere CLI/Perl/site/bin:/mnt/c/Program Files (x86)/VMware/VMware vSphere CLI/Perl/bin:/mnt/c/Python27/:/mnt/c/Python27/Scripts:/mnt/c/WINDOWS/system32:/mnt/c/WINDOWS:/mnt/c/WINDOWS/System32/Wbem:/mnt/c/WINDOWS/System32/WindowsPowerShell/v1.0/:/mnt/c/Program Files (x86)/Skype/Phone/:/mnt/c/Program Files/PuTTY/:/mnt/c/Program Files (x86)/Microsoft SQL Server/Client SDK/ODBC/130/Tools/Binn/:/mnt/c/Program Files (x86)/Microsoft SQL Server/140/Tools/Binn/:/mnt/c/Program Files (x86)/Microsoft SQL Server/140/DTS/Binn/:/mnt/c/Program Files (x86)/Microsoft SQL Server/140/Tools/Binn/ManagementStudio/:/mnt/c/Program Files (x86)/Calibre2/:/mnt/c/WINDOWS/System32/OpenSSH/:/mnt/c/Program Files/Microsoft VS Code/bin:/mnt/c/Program Files/Microsoft SQL Server/110/Tools/Binn/:/mnt/c/Program Files/Git/cmd:/mnt/c/ProgramData/chocolatey/bin:/mnt/c/Program Files (x86)/Cyberduck CLI/:/mnt/c/Program Files/nodejs/:/mnt/c/Program Files/Intel/WiFi/bin/:/mnt/c/Program Files/Common Files/Intel/WirelessCommon/:/mnt/c/Program Files (x86)/Intel/Intel(R) Management Engine Components/DAL:/mnt/c/Program Files/Intel/Intel(R) Management Engine Components/DAL:/mnt/c/Program Files (x86)/Yarn/bin/:/mnt/c/Users/patrick.horne/AppData/Local/Microsoft/WindowsApps:/mnt/c/Users/patrick.horne/AppData/Local/GitHubDesktop/bin:/mnt/c/Program Files/Microsoft VS Code/bin:/mnt/c/Users/patrick.horne/AppData/Roaming/Dashlane/6.4.0.12512/bin/Firefox_Extension/{442718d9-475e-452a-b3e1-fb1ee16b8e9f}/components:/mnt/c/Users/patrick.horne/AppData/Roaming/Dashlane/6.4.0.12512/ucrt:/mnt/c/Users/patrick.horne/AppData/Roaming/Dashlane/6.4.0.12512/bin/Qt:/mnt/c/Users/patrick.horne/AppData/Roaming/Dashlane/6.4.0.12512/bin/Ssl:/mnt/c/Users/patrick.horne/AppData/Local/atom/bin:/mnt/c/Users/patrick.horne/AppData/Roaming/npm:/mnt/c/Program Files/Intel/WiFi/bin/:/mnt/c/Program Files/Common Files/Intel/WirelessCommon/:/mnt/c/Program Files (x86)/Nmap:/mnt/c/Users/patrick.horne/AppData/Local/Microsoft/WindowsApps:/mnt/c/tools/neovim/Neovim/bin:/mnt/c/Users/patrick.horne/AppData/Local/Yarn/bin

Yarn version: 
  1.17.3

Node version: 
  12.13.0

Platform: 
  linux x64

Trace: 
  Error: connect ECONNREFUSED 104.16.22.35:443
      at TCPConnectWrap.afterConnect [as oncomplete] (net.js:1128:14)

npm manifest: 
  {
    "name": "ip-poster",
    "version": "0.1.0",
    "description": "Retrieves IP address and posts it, so that dynamically shifting IP addresses can be tracked",
    "main": "push-ip.js",
    "repository": "https://github.com/glhc/ip-poster.git",
    "author": "Patrick Horne <patrickahorne@gmail.com>",
    "license": "MIT",
    "private": false
  }

yarn manifest: 
  No manifest

Lockfile: 
  No lockfile
